<?xml version="1.0" encoding="UTF-8"?>
<testsuite name="SolutionTest" tests="2" skipped="0" failures="0" errors="0" timestamp="2022-07-19T16:17:13" hostname="yuanyu-ubuntu" time="0.024">
  <properties/>
  <testcase name="isNStraightHandExample1()" classname="SolutionTest" time="0.022"/>
  <testcase name="isNStraightHandExample2()" classname="SolutionTest" time="0.001"/>
  <system-out><![CDATA[]]></system-out>
  <system-err><![CDATA[]]></system-err>
</testsuite>
